
> frontend@0.0.0 dev
> vite --host


  VITE v4.5.0  ready in 365 ms

  ➜  Local:   http://localhost:5173/
  ➜  Network: http://172.31.7.197:5173/
Browserslist: caniuse-lite is outdated. Please run:
  npx update-browserslist-db@latest
  Why you should do it regularly: https://github.com/browserslist/update-db#readme

> frontend@0.0.0 dev
> vite --host

Port 5173 is in use, trying another one...

  VITE v4.5.0  ready in 377 ms

  ➜  Local:   http://localhost:5174/
  ➜  Network: http://172.31.7.197:5174/

> frontend@0.0.0 dev
> vite --host

Port 5173 is in use, trying another one...

  VITE v4.5.0  ready in 347 ms

  ➜  Local:   http://localhost:5174/
  ➜  Network: http://172.31.7.197:5174/
10:52:48 AM [vite] page reload dist/index.html
10:53:03 AM [vite] page reload dist/index.html
10:55:40 AM [vite] page reload dist/index.html
11:03:11 AM [vite] page reload dist/index.html
11:03:36 AM [vite] page reload dist/index.html
